[0.006s] Invoking command in '/home/furkan/tutorial/ros2/build/cpp_node': CMAKE_PREFIX_PATH=/opt/ros/humble /usr/bin/cmake /home/furkan/tutorial/ros2/src/cpp_node -DCMAKE_INSTALL_PREFIX=/home/furkan/tutorial/ros2/install/cpp_node
[0.016s] -- Found ament_cmake: 1.3.8 (/opt/ros/humble/share/ament_cmake/cmake)
[0.100s] -- Found rclcpp: 16.0.8 (/opt/ros/humble/share/rclcpp/cmake)
[0.122s] -- Found rosidl_generator_c: 3.1.5 (/opt/ros/humble/share/rosidl_generator_c/cmake)
[0.124s] -- Found rosidl_adapter: 3.1.5 (/opt/ros/humble/share/rosidl_adapter/cmake)
[0.128s] -- Found rosidl_generator_cpp: 3.1.5 (/opt/ros/humble/share/rosidl_generator_cpp/cmake)
[0.137s] -- Using all available rosidl_typesupport_c: rosidl_typesupport_fastrtps_c;rosidl_typesupport_introspection_c
[0.149s] -- Using all available rosidl_typesupport_cpp: rosidl_typesupport_fastrtps_cpp;rosidl_typesupport_introspection_cpp
[0.192s] -- Found rmw_implementation_cmake: 6.1.1 (/opt/ros/humble/share/rmw_implementation_cmake/cmake)
[0.193s] -- Found rmw_fastrtps_cpp: 6.2.6 (/opt/ros/humble/share/rmw_fastrtps_cpp/cmake)
[0.279s] -- Using RMW implementation 'rmw_fastrtps_cpp' as default
[0.405s] [31mCMake Error at CMakeLists.txt:19 (install):
[0.405s]   install TARGETS given target "DEFINITIONS" which does not exist.
[0.405s] 
[0.405s] [0m
[0.405s] -- Found ament_lint_auto: 0.12.10 (/opt/ros/humble/share/ament_lint_auto/cmake)
[0.458s] -- Added test 'cppcheck' to perform static code analysis on C / C++ code
[0.458s] -- Configured cppcheck include dirs: /home/furkan/tutorial/ros2/src/cpp_node/include
[0.458s] -- Configured cppcheck exclude dirs and/or files: 
[0.459s] -- Added test 'lint_cmake' to check CMake code style
[0.459s] -- Added test 'uncrustify' to check C / C++ code style
[0.459s] -- Configured uncrustify additional arguments: 
[0.459s] -- Added test 'xmllint' to check XML markup files
[0.460s] -- Configuring incomplete, errors occurred!
[0.460s] See also "/home/furkan/tutorial/ros2/build/cpp_node/CMakeFiles/CMakeOutput.log".
[0.467s] Invoked command in '/home/furkan/tutorial/ros2/build/cpp_node' returned '1': CMAKE_PREFIX_PATH=/opt/ros/humble /usr/bin/cmake /home/furkan/tutorial/ros2/src/cpp_node -DCMAKE_INSTALL_PREFIX=/home/furkan/tutorial/ros2/install/cpp_node
