[35m[1mConsolidate compiler generated dependencies of target my_oop_node[0m
[ 25%] [32mBuilding CXX object CMakeFiles/my_node.dir/src/my_node.cpp.o[0m
[ 50%] [32mBuilding CXX object CMakeFiles/my_oop_node.dir/src/my_oop_node.cpp.o[0m
[ 75%] [32m[1mLinking CXX executable my_node[0m
[ 75%] Built target my_node
[100%] [32m[1mLinking CXX executable my_oop_node[0m
[100%] Built target my_oop_node
-- Install configuration: ""
-- Installing: /home/furkan/tutorial/ros2/install/cpp_node/lib/cpp_node/my_node
-- Set runtime path of "/home/furkan/tutorial/ros2/install/cpp_node/lib/cpp_node/my_node" to ""
-- Installing: /home/furkan/tutorial/ros2/install/cpp_node/lib/cpp_node/my_oop_node
-- Set runtime path of "/home/furkan/tutorial/ros2/install/cpp_node/lib/cpp_node/my_oop_node" to ""
-- Installing: /home/furkan/tutorial/ros2/install/cpp_node/share/ament_index/resource_index/package_run_dependencies/cpp_node
-- Installing: /home/furkan/tutorial/ros2/install/cpp_node/share/ament_index/resource_index/parent_prefix_path/cpp_node
-- Installing: /home/furkan/tutorial/ros2/install/cpp_node/share/cpp_node/environment/ament_prefix_path.sh
-- Installing: /home/furkan/tutorial/ros2/install/cpp_node/share/cpp_node/environment/ament_prefix_path.dsv
-- Installing: /home/furkan/tutorial/ros2/install/cpp_node/share/cpp_node/environment/path.sh
-- Installing: /home/furkan/tutorial/ros2/install/cpp_node/share/cpp_node/environment/path.dsv
-- Installing: /home/furkan/tutorial/ros2/install/cpp_node/share/cpp_node/local_setup.bash
-- Installing: /home/furkan/tutorial/ros2/install/cpp_node/share/cpp_node/local_setup.sh
-- Installing: /home/furkan/tutorial/ros2/install/cpp_node/share/cpp_node/local_setup.zsh
-- Installing: /home/furkan/tutorial/ros2/install/cpp_node/share/cpp_node/local_setup.dsv
-- Installing: /home/furkan/tutorial/ros2/install/cpp_node/share/cpp_node/package.dsv
-- Installing: /home/furkan/tutorial/ros2/install/cpp_node/share/ament_index/resource_index/packages/cpp_node
-- Installing: /home/furkan/tutorial/ros2/install/cpp_node/share/cpp_node/cmake/cpp_nodeConfig.cmake
-- Installing: /home/furkan/tutorial/ros2/install/cpp_node/share/cpp_node/cmake/cpp_nodeConfig-version.cmake
-- Installing: /home/furkan/tutorial/ros2/install/cpp_node/share/cpp_node/package.xml
