[0.010s] Invoking command in '/home/furkan/tutorial/ros2/build/cpp_node': CMAKE_PREFIX_PATH=/opt/ros/humble /usr/bin/cmake --build /home/furkan/tutorial/ros2/build/cpp_node -- -j12 -l12
[0.037s] [35m[1mConsolidate compiler generated dependencies of target my_oop_node[0m
[0.046s] [ 25%] [32mBuilding CXX object CMakeFiles/my_node.dir/src/my_node.cpp.o[0m
[0.050s] [ 50%] [32mBuilding CXX object CMakeFiles/my_oop_node.dir/src/my_oop_node.cpp.o[0m
[2.237s] [ 75%] [32m[1mLinking CXX executable my_node[0m
[2.318s] [ 75%] Built target my_node
[2.335s] [100%] [32m[1mLinking CXX executable my_oop_node[0m
[2.418s] [100%] Built target my_oop_node
[2.426s] Invoked command in '/home/furkan/tutorial/ros2/build/cpp_node' returned '0': CMAKE_PREFIX_PATH=/opt/ros/humble /usr/bin/cmake --build /home/furkan/tutorial/ros2/build/cpp_node -- -j12 -l12
[2.450s] Invoking command in '/home/furkan/tutorial/ros2/build/cpp_node': CMAKE_PREFIX_PATH=/opt/ros/humble /usr/bin/cmake --install /home/furkan/tutorial/ros2/build/cpp_node
[2.455s] -- Install configuration: ""
[2.455s] -- Installing: /home/furkan/tutorial/ros2/install/cpp_node/lib/cpp_node/my_node
[2.455s] -- Set runtime path of "/home/furkan/tutorial/ros2/install/cpp_node/lib/cpp_node/my_node" to ""
[2.455s] -- Installing: /home/furkan/tutorial/ros2/install/cpp_node/lib/cpp_node/my_oop_node
[2.455s] -- Set runtime path of "/home/furkan/tutorial/ros2/install/cpp_node/lib/cpp_node/my_oop_node" to ""
[2.455s] -- Installing: /home/furkan/tutorial/ros2/install/cpp_node/share/ament_index/resource_index/package_run_dependencies/cpp_node
[2.456s] -- Installing: /home/furkan/tutorial/ros2/install/cpp_node/share/ament_index/resource_index/parent_prefix_path/cpp_node
[2.456s] -- Installing: /home/furkan/tutorial/ros2/install/cpp_node/share/cpp_node/environment/ament_prefix_path.sh
[2.456s] -- Installing: /home/furkan/tutorial/ros2/install/cpp_node/share/cpp_node/environment/ament_prefix_path.dsv
[2.456s] -- Installing: /home/furkan/tutorial/ros2/install/cpp_node/share/cpp_node/environment/path.sh
[2.456s] -- Installing: /home/furkan/tutorial/ros2/install/cpp_node/share/cpp_node/environment/path.dsv
[2.456s] -- Installing: /home/furkan/tutorial/ros2/install/cpp_node/share/cpp_node/local_setup.bash
[2.456s] -- Installing: /home/furkan/tutorial/ros2/install/cpp_node/share/cpp_node/local_setup.sh
[2.456s] -- Installing: /home/furkan/tutorial/ros2/install/cpp_node/share/cpp_node/local_setup.zsh
[2.456s] -- Installing: /home/furkan/tutorial/ros2/install/cpp_node/share/cpp_node/local_setup.dsv
[2.457s] -- Installing: /home/furkan/tutorial/ros2/install/cpp_node/share/cpp_node/package.dsv
[2.457s] -- Installing: /home/furkan/tutorial/ros2/install/cpp_node/share/ament_index/resource_index/packages/cpp_node
[2.457s] -- Installing: /home/furkan/tutorial/ros2/install/cpp_node/share/cpp_node/cmake/cpp_nodeConfig.cmake
[2.457s] -- Installing: /home/furkan/tutorial/ros2/install/cpp_node/share/cpp_node/cmake/cpp_nodeConfig-version.cmake
[2.457s] -- Installing: /home/furkan/tutorial/ros2/install/cpp_node/share/cpp_node/package.xml
[2.458s] Invoked command in '/home/furkan/tutorial/ros2/build/cpp_node' returned '0': CMAKE_PREFIX_PATH=/opt/ros/humble /usr/bin/cmake --install /home/furkan/tutorial/ros2/build/cpp_node
