[0.180s] Invoking command in '/home/furkan/tutorial/ros2/build/cpp_node': CMAKE_PREFIX_PATH=/opt/ros/humble /usr/bin/cmake /home/furkan/tutorial/ros2/src/cpp_node -DCMAKE_INSTALL_PREFIX=/home/furkan/tutorial/ros2/install/cpp_node
[0.807s] -- The C compiler identification is GNU 11.4.0
[1.058s] -- The CXX compiler identification is GNU 11.4.0
[1.069s] -- Detecting C compiler ABI info
[1.186s] -- Detecting C compiler ABI info - done
[1.192s] -- Check for working C compiler: /usr/bin/cc - skipped
[1.193s] -- Detecting C compile features
[1.212s] -- Detecting C compile features - done
[1.216s] -- Detecting CXX compiler ABI info
[1.302s] -- Detecting CXX compiler ABI info - done
[1.308s] -- Check for working CXX compiler: /usr/bin/c++ - skipped
[1.309s] -- Detecting CXX compile features
[1.309s] -- Detecting CXX compile features - done
[1.358s] -- Found ament_cmake: 1.3.8 (/opt/ros/humble/share/ament_cmake/cmake)
[1.599s] -- Found Python3: /usr/bin/python3 (found version "3.10.12") found components: Interpreter 
[3.753s] -- Found rclcpp: 16.0.8 (/opt/ros/humble/share/rclcpp/cmake)
[5.491s] -- Found rosidl_generator_c: 3.1.5 (/opt/ros/humble/share/rosidl_generator_c/cmake)
[5.532s] -- Found rosidl_adapter: 3.1.5 (/opt/ros/humble/share/rosidl_adapter/cmake)
[5.597s] -- Found rosidl_generator_cpp: 3.1.5 (/opt/ros/humble/share/rosidl_generator_cpp/cmake)
[5.733s] -- Using all available rosidl_typesupport_c: rosidl_typesupport_fastrtps_c;rosidl_typesupport_introspection_c
[5.854s] -- Using all available rosidl_typesupport_cpp: rosidl_typesupport_fastrtps_cpp;rosidl_typesupport_introspection_cpp
[6.259s] -- Found rmw_implementation_cmake: 6.1.1 (/opt/ros/humble/share/rmw_implementation_cmake/cmake)
[6.285s] -- Found rmw_fastrtps_cpp: 6.2.6 (/opt/ros/humble/share/rmw_fastrtps_cpp/cmake)
[6.606s] -- Found OpenSSL: /usr/lib/x86_64-linux-gnu/libcrypto.so (found version "3.0.2")  
[6.640s] -- Found FastRTPS: /opt/ros/humble/include  
[6.674s] -- Using RMW implementation 'rmw_fastrtps_cpp' as default
[6.789s] -- Looking for pthread.h
[6.858s] -- Looking for pthread.h - found
[6.859s] -- Performing Test CMAKE_HAVE_LIBC_PTHREAD
[6.924s] -- Performing Test CMAKE_HAVE_LIBC_PTHREAD - Success
[6.925s] -- Found Threads: TRUE  
[7.224s] [31mCMake Error at CMakeLists.txt:19 (install):
[7.224s]   install does not recognize sub-command TARGET_SUPPORTS_SHARED_LIBS
[7.224s] 
[7.224s] [0m
[7.245s] -- Found ament_lint_auto: 0.12.10 (/opt/ros/humble/share/ament_lint_auto/cmake)
[7.428s] -- Added test 'cppcheck' to perform static code analysis on C / C++ code
[7.429s] -- Configured cppcheck include dirs: /home/furkan/tutorial/ros2/src/cpp_node/include
[7.429s] -- Configured cppcheck exclude dirs and/or files: 
[7.431s] -- Added test 'lint_cmake' to check CMake code style
[7.433s] -- Added test 'uncrustify' to check C / C++ code style
[7.433s] -- Configured uncrustify additional arguments: 
[7.434s] -- Added test 'xmllint' to check XML markup files
[7.436s] -- Configuring incomplete, errors occurred!
[7.436s] See also "/home/furkan/tutorial/ros2/build/cpp_node/CMakeFiles/CMakeOutput.log".
[7.448s] Invoked command in '/home/furkan/tutorial/ros2/build/cpp_node' returned '1': CMAKE_PREFIX_PATH=/opt/ros/humble /usr/bin/cmake /home/furkan/tutorial/ros2/src/cpp_node -DCMAKE_INSTALL_PREFIX=/home/furkan/tutorial/ros2/install/cpp_node
